{"C:\\Users\\dorot\\Desktop\\leafeon-google-suite-tasks\\source\\frontend\\src\\App.js": {"path":"C:\\Users\\dorot\\Desktop\\leafeon-google-suite-tasks\\source\\frontend\\src\\App.js","statementMap":{"0":{"start":{"line":10,"column":12},"end":{"line":29,"column":1}},"1":{"start":{"line":11,"column":39},"end":{"line":11,"column":54}},"2":{"start":{"line":13,"column":2},"end":{"line":28,"column":4}}},"fnMap":{"0":{"name":"(anonymous_0)","decl":{"start":{"line":10,"column":12},"end":{"line":10,"column":13}},"loc":{"start":{"line":10,"column":18},"end":{"line":29,"column":1}},"line":10}},"branchMap":{},"s":{"0":0,"1":0,"2":0},"f":{"0":0},"b":{}}
,"C:\\Users\\dorot\\Desktop\\leafeon-google-suite-tasks\\source\\frontend\\src\\GoogleDocsContext.js": {"path":"C:\\Users\\dorot\\Desktop\\leafeon-google-suite-tasks\\source\\frontend\\src\\GoogleDocsContext.js","statementMap":{"0":{"start":{"line":5,"column":17},"end":{"line":5,"column":91}},"1":{"start":{"line":7,"column":26},"end":{"line":7,"column":41}},"2":{"start":{"line":9,"column":29},"end":{"line":11,"column":1}},"3":{"start":{"line":10,"column":2},"end":{"line":10,"column":39}},"4":{"start":{"line":13,"column":34},"end":{"line":103,"column":1}},"5":{"start":{"line":14,"column":34},"end":{"line":14,"column":46}},"6":{"start":{"line":15,"column":28},"end":{"line":15,"column":40}},"7":{"start":{"line":16,"column":40},"end":{"line":16,"column":52}},"8":{"start":{"line":18,"column":29},"end":{"line":23,"column":3}},"9":{"start":{"line":19,"column":28},"end":{"line":19,"column":41}},"10":{"start":{"line":20,"column":25},"end":{"line":20,"column":67}},"11":{"start":{"line":21,"column":4},"end":{"line":21,"column":33}},"12":{"start":{"line":22,"column":4},"end":{"line":22,"column":56}},"13":{"start":{"line":22,"column":26},"end":{"line":22,"column":54}},"14":{"start":{"line":25,"column":23},"end":{"line":73,"column":3}},"15":{"start":{"line":26,"column":22},"end":{"line":26,"column":24}},"16":{"start":{"line":28,"column":4},"end":{"line":72,"column":9}},"17":{"start":{"line":30,"column":8},"end":{"line":32,"column":9}},"18":{"start":{"line":31,"column":10},"end":{"line":31,"column":57}},"19":{"start":{"line":33,"column":8},"end":{"line":33,"column":31}},"20":{"start":{"line":36,"column":32},"end":{"line":36,"column":115}},"21":{"start":{"line":36,"column":58},"end":{"line":36,"column":114}},"22":{"start":{"line":39,"column":32},"end":{"line":61,"column":10}},"23":{"start":{"line":40,"column":25},"end":{"line":40,"column":32}},"24":{"start":{"line":41,"column":25},"end":{"line":41,"column":115}},"25":{"start":{"line":43,"column":10},"end":{"line":60,"column":15}},"26":{"start":{"line":45,"column":14},"end":{"line":47,"column":15}},"27":{"start":{"line":46,"column":16},"end":{"line":46,"column":63}},"28":{"start":{"line":48,"column":14},"end":{"line":48,"column":37}},"29":{"start":{"line":51,"column":14},"end":{"line":55,"column":18}},"30":{"start":{"line":51,"column":55},"end":{"line":55,"column":15}},"31":{"start":{"line":58,"column":14},"end":{"line":58,"column":83}},"32":{"start":{"line":59,"column":14},"end":{"line":59,"column":24}},"33":{"start":{"line":64,"column":8},"end":{"line":64,"column":44}},"34":{"start":{"line":67,"column":8},"end":{"line":67,"column":44}},"35":{"start":{"line":68,"column":8},"end":{"line":68,"column":33}},"36":{"start":{"line":71,"column":8},"end":{"line":71,"column":53}},"37":{"start":{"line":76,"column":2},"end":{"line":96,"column":9}},"38":{"start":{"line":78,"column":6},"end":{"line":93,"column":9}},"39":{"start":{"line":82,"column":29},"end":{"line":82,"column":57}},"40":{"start":{"line":83,"column":8},"end":{"line":90,"column":9}},"41":{"start":{"line":84,"column":23},"end":{"line":84,"column":53}},"42":{"start":{"line":85,"column":31},"end":{"line":85,"column":53}},"43":{"start":{"line":86,"column":10},"end":{"line":86,"column":52}},"44":{"start":{"line":87,"column":10},"end":{"line":87,"column":50}},"45":{"start":{"line":89,"column":10},"end":{"line":89,"column":50}},"46":{"start":{"line":92,"column":8},"end":{"line":92,"column":70}},"47":{"start":{"line":95,"column":4},"end":{"line":95,"column":37}},"48":{"start":{"line":98,"column":2},"end":{"line":102,"column":4}}},"fnMap":{"0":{"name":"(anonymous_0)","decl":{"start":{"line":9,"column":29},"end":{"line":9,"column":30}},"loc":{"start":{"line":9,"column":35},"end":{"line":11,"column":1}},"line":9},"1":{"name":"(anonymous_1)","decl":{"start":{"line":13,"column":34},"end":{"line":13,"column":35}},"loc":{"start":{"line":13,"column":52},"end":{"line":103,"column":1}},"line":13},"2":{"name":"(anonymous_2)","decl":{"start":{"line":18,"column":29},"end":{"line":18,"column":30}},"loc":{"start":{"line":18,"column":47},"end":{"line":23,"column":3}},"line":18},"3":{"name":"(anonymous_3)","decl":{"start":{"line":22,"column":13},"end":{"line":22,"column":14}},"loc":{"start":{"line":22,"column":26},"end":{"line":22,"column":54}},"line":22},"4":{"name":"(anonymous_4)","decl":{"start":{"line":25,"column":23},"end":{"line":25,"column":24}},"loc":{"start":{"line":25,"column":40},"end":{"line":73,"column":3}},"line":25},"5":{"name":"(anonymous_5)","decl":{"start":{"line":29,"column":12},"end":{"line":29,"column":13}},"loc":{"start":{"line":29,"column":24},"end":{"line":34,"column":7}},"line":29},"6":{"name":"(anonymous_6)","decl":{"start":{"line":35,"column":12},"end":{"line":35,"column":13}},"loc":{"start":{"line":35,"column":20},"end":{"line":65,"column":7}},"line":35},"7":{"name":"(anonymous_7)","decl":{"start":{"line":36,"column":50},"end":{"line":36,"column":51}},"loc":{"start":{"line":36,"column":58},"end":{"line":36,"column":114}},"line":36},"8":{"name":"(anonymous_8)","decl":{"start":{"line":39,"column":52},"end":{"line":39,"column":53}},"loc":{"start":{"line":39,"column":60},"end":{"line":61,"column":9}},"line":39},"9":{"name":"(anonymous_9)","decl":{"start":{"line":44,"column":18},"end":{"line":44,"column":19}},"loc":{"start":{"line":44,"column":30},"end":{"line":49,"column":13}},"line":44},"10":{"name":"(anonymous_10)","decl":{"start":{"line":50,"column":18},"end":{"line":50,"column":19}},"loc":{"start":{"line":50,"column":33},"end":{"line":56,"column":13}},"line":50},"11":{"name":"(anonymous_11)","decl":{"start":{"line":51,"column":43},"end":{"line":51,"column":44}},"loc":{"start":{"line":51,"column":55},"end":{"line":55,"column":15}},"line":51},"12":{"name":"(anonymous_12)","decl":{"start":{"line":57,"column":19},"end":{"line":57,"column":20}},"loc":{"start":{"line":57,"column":28},"end":{"line":60,"column":13}},"line":57},"13":{"name":"(anonymous_13)","decl":{"start":{"line":66,"column":12},"end":{"line":66,"column":13}},"loc":{"start":{"line":66,"column":30},"end":{"line":69,"column":7}},"line":66},"14":{"name":"(anonymous_14)","decl":{"start":{"line":70,"column":13},"end":{"line":70,"column":14}},"loc":{"start":{"line":70,"column":22},"end":{"line":72,"column":7}},"line":70},"15":{"name":"(anonymous_15)","decl":{"start":{"line":76,"column":12},"end":{"line":76,"column":13}},"loc":{"start":{"line":76,"column":18},"end":{"line":96,"column":3}},"line":76},"16":{"name":"start","decl":{"start":{"line":77,"column":13},"end":{"line":77,"column":18}},"loc":{"start":{"line":77,"column":21},"end":{"line":94,"column":5}},"line":77},"17":{"name":"(anonymous_17)","decl":{"start":{"line":81,"column":14},"end":{"line":81,"column":15}},"loc":{"start":{"line":81,"column":20},"end":{"line":91,"column":7}},"line":81},"18":{"name":"(anonymous_18)","decl":{"start":{"line":91,"column":15},"end":{"line":91,"column":16}},"loc":{"start":{"line":91,"column":24},"end":{"line":93,"column":7}},"line":91}},"branchMap":{"0":{"loc":{"start":{"line":30,"column":8},"end":{"line":32,"column":9}},"type":"if","locations":[{"start":{"line":30,"column":8},"end":{"line":32,"column":9}},{"start":{},"end":{}}],"line":30},"1":{"loc":{"start":{"line":45,"column":14},"end":{"line":47,"column":15}},"type":"if","locations":[{"start":{"line":45,"column":14},"end":{"line":47,"column":15}},{"start":{},"end":{}}],"line":45},"2":{"loc":{"start":{"line":83,"column":8},"end":{"line":90,"column":9}},"type":"if","locations":[{"start":{"line":83,"column":8},"end":{"line":90,"column":9}},{"start":{"line":88,"column":15},"end":{"line":90,"column":9}}],"line":83}},"s":{"0":1,"1":1,"2":1,"3":0,"4":1,"5":0,"6":0,"7":0,"8":0,"9":0,"10":0,"11":0,"12":0,"13":0,"14":0,"15":0,"16":0,"17":0,"18":0,"19":0,"20":0,"21":0,"22":0,"23":0,"24":0,"25":0,"26":0,"27":0,"28":0,"29":0,"30":0,"31":0,"32":0,"33":0,"34":0,"35":0,"36":0,"37":0,"38":0,"39":0,"40":0,"41":0,"42":0,"43":0,"44":0,"45":0,"46":0,"47":0,"48":0},"f":{"0":0,"1":0,"2":0,"3":0,"4":0,"5":0,"6":0,"7":0,"8":0,"9":0,"10":0,"11":0,"12":0,"13":0,"14":0,"15":0,"16":0,"17":0,"18":0},"b":{"0":[0,0],"1":[0,0],"2":[0,0]},"_coverageSchema":"1a1c01bbd47fc00a2c39e90264f33305004495a9","hash":"e44aed2df4558dc49e8b0f4f9294961ee8230043"}
,"C:\\Users\\dorot\\Desktop\\leafeon-google-suite-tasks\\source\\frontend\\src\\index.js": {"path":"C:\\Users\\dorot\\Desktop\\leafeon-google-suite-tasks\\source\\frontend\\src\\index.js","statementMap":{"0":{"start":{"line":9,"column":13},"end":{"line":9,"column":65}},"1":{"start":{"line":10,"column":0},"end":{"line":16,"column":2}}},"fnMap":{},"branchMap":{},"s":{"0":0,"1":0},"f":{},"b":{}}
,"C:\\Users\\dorot\\Desktop\\leafeon-google-suite-tasks\\source\\frontend\\src\\components\\CommentBox.jsx": {"path":"C:\\Users\\dorot\\Desktop\\leafeon-google-suite-tasks\\source\\frontend\\src\\components\\CommentBox.jsx","statementMap":{"0":{"start":{"line":4,"column":2},"end":{"line":20,"column":3}}},"fnMap":{"0":{"name":"CommentBox","decl":{"start":{"line":3,"column":9},"end":{"line":3,"column":19}},"loc":{"start":{"line":3,"column":42},"end":{"line":21,"column":1}},"line":3}},"branchMap":{},"s":{"0":0},"f":{"0":0},"b":{}}
,"C:\\Users\\dorot\\Desktop\\leafeon-google-suite-tasks\\source\\frontend\\src\\components\\Comments.jsx": {"path":"C:\\Users\\dorot\\Desktop\\leafeon-google-suite-tasks\\source\\frontend\\src\\components\\Comments.jsx","statementMap":{"0":{"start":{"line":6,"column":52},"end":{"line":6,"column":67}},"1":{"start":{"line":8,"column":29},"end":{"line":10,"column":7}},"2":{"start":{"line":9,"column":8},"end":{"line":9,"column":34}},"3":{"start":{"line":12,"column":4},"end":{"line":30,"column":5}},"4":{"start":{"line":19,"column":40},"end":{"line":23,"column":46}},"5":{"start":{"line":22,"column":133},"end":{"line":22,"column":156}}},"fnMap":{"0":{"name":"Comments","decl":{"start":{"line":5,"column":9},"end":{"line":5,"column":17}},"loc":{"start":{"line":5,"column":20},"end":{"line":31,"column":1}},"line":5},"1":{"name":"(anonymous_1)","decl":{"start":{"line":8,"column":29},"end":{"line":8,"column":30}},"loc":{"start":{"line":8,"column":40},"end":{"line":10,"column":7}},"line":8},"2":{"name":"(anonymous_2)","decl":{"start":{"line":18,"column":61},"end":{"line":18,"column":62}},"loc":{"start":{"line":19,"column":40},"end":{"line":23,"column":46}},"line":19},"3":{"name":"(anonymous_3)","decl":{"start":{"line":22,"column":127},"end":{"line":22,"column":128}},"loc":{"start":{"line":22,"column":133},"end":{"line":22,"column":156}},"line":22}},"branchMap":{"0":{"loc":{"start":{"line":18,"column":21},"end":{"line":25,"column":38}},"type":"binary-expr","locations":[{"start":{"line":18,"column":21},"end":{"line":18,"column":44}},{"start":{"line":18,"column":48},"end":{"line":25,"column":38}}],"line":18}},"s":{"0":0,"1":0,"2":0,"3":0,"4":0,"5":0},"f":{"0":0,"1":0,"2":0,"3":0},"b":{"0":[0,0]}}
,"C:\\Users\\dorot\\Desktop\\leafeon-google-suite-tasks\\source\\frontend\\src\\components\\Navbar.jsx": {"path":"C:\\Users\\dorot\\Desktop\\leafeon-google-suite-tasks\\source\\frontend\\src\\components\\Navbar.jsx","statementMap":{"0":{"start":{"line":12,"column":41},"end":{"line":12,"column":56}},"1":{"start":{"line":13,"column":2},"end":{"line":32,"column":3}}},"fnMap":{"0":{"name":"Navbar","decl":{"start":{"line":11,"column":9},"end":{"line":11,"column":15}},"loc":{"start":{"line":11,"column":18},"end":{"line":33,"column":1}},"line":11}},"branchMap":{},"s":{"0":0,"1":0},"f":{"0":0},"b":{}}
,"C:\\Users\\dorot\\Desktop\\leafeon-google-suite-tasks\\source\\frontend\\src\\components\\Taskbox.jsx": {"path":"C:\\Users\\dorot\\Desktop\\leafeon-google-suite-tasks\\source\\frontend\\src\\components\\Taskbox.jsx","statementMap":{"0":{"start":{"line":4,"column":2},"end":{"line":20,"column":3}}},"fnMap":{"0":{"name":"TaskBox","decl":{"start":{"line":3,"column":9},"end":{"line":3,"column":16}},"loc":{"start":{"line":3,"column":39},"end":{"line":21,"column":1}},"line":3}},"branchMap":{},"s":{"0":0},"f":{"0":0},"b":{}}
,"C:\\Users\\dorot\\Desktop\\leafeon-google-suite-tasks\\source\\frontend\\src\\components\\Tasks.jsx": {"path":"C:\\Users\\dorot\\Desktop\\leafeon-google-suite-tasks\\source\\frontend\\src\\components\\Tasks.jsx","statementMap":{"0":{"start":{"line":7,"column":52},"end":{"line":7,"column":67}},"1":{"start":{"line":9,"column":2},"end":{"line":24,"column":3}},"2":{"start":{"line":15,"column":12},"end":{"line":18,"column":18}}},"fnMap":{"0":{"name":"Tasks","decl":{"start":{"line":5,"column":9},"end":{"line":5,"column":14}},"loc":{"start":{"line":5,"column":17},"end":{"line":25,"column":1}},"line":5},"1":{"name":"(anonymous_1)","decl":{"start":{"line":14,"column":45},"end":{"line":14,"column":46}},"loc":{"start":{"line":15,"column":12},"end":{"line":18,"column":18}},"line":15}},"branchMap":{"0":{"loc":{"start":{"line":14,"column":11},"end":{"line":19,"column":12}},"type":"binary-expr","locations":[{"start":{"line":14,"column":11},"end":{"line":14,"column":31}},{"start":{"line":14,"column":35},"end":{"line":19,"column":12}}],"line":14}},"s":{"0":0,"1":0,"2":0},"f":{"0":0,"1":0},"b":{"0":[0,0]}}
,"C:\\Users\\dorot\\Desktop\\leafeon-google-suite-tasks\\source\\frontend\\src\\components\\login.js": {"path":"C:\\Users\\dorot\\Desktop\\leafeon-google-suite-tasks\\source\\frontend\\src\\components\\login.js","statementMap":{"0":{"start":{"line":3,"column":17},"end":{"line":3,"column":91}},"1":{"start":{"line":7,"column":21},"end":{"line":9,"column":5}},"2":{"start":{"line":8,"column":8},"end":{"line":8,"column":70}},"3":{"start":{"line":11,"column":21},"end":{"line":13,"column":5}},"4":{"start":{"line":12,"column":8},"end":{"line":12,"column":48}},"5":{"start":{"line":16,"column":4},"end":{"line":27,"column":5}}},"fnMap":{"0":{"name":"Login","decl":{"start":{"line":5,"column":9},"end":{"line":5,"column":14}},"loc":{"start":{"line":5,"column":17},"end":{"line":28,"column":1}},"line":5},"1":{"name":"(anonymous_1)","decl":{"start":{"line":7,"column":21},"end":{"line":7,"column":22}},"loc":{"start":{"line":7,"column":28},"end":{"line":9,"column":5}},"line":7},"2":{"name":"(anonymous_2)","decl":{"start":{"line":11,"column":21},"end":{"line":11,"column":22}},"loc":{"start":{"line":11,"column":28},"end":{"line":13,"column":5}},"line":11}},"branchMap":{},"s":{"0":0,"1":0,"2":0,"3":0,"4":0,"5":0},"f":{"0":0,"1":0,"2":0},"b":{}}
,"C:\\Users\\dorot\\Desktop\\leafeon-google-suite-tasks\\source\\frontend\\src\\components\\logout.js": {"path":"C:\\Users\\dorot\\Desktop\\leafeon-google-suite-tasks\\source\\frontend\\src\\components\\logout.js","statementMap":{"0":{"start":{"line":3,"column":17},"end":{"line":3,"column":91}},"1":{"start":{"line":7,"column":22},"end":{"line":9,"column":5}},"2":{"start":{"line":8,"column":8},"end":{"line":8,"column":43}},"3":{"start":{"line":11,"column":4},"end":{"line":19,"column":5}}},"fnMap":{"0":{"name":"Logout","decl":{"start":{"line":5,"column":9},"end":{"line":5,"column":15}},"loc":{"start":{"line":5,"column":18},"end":{"line":20,"column":1}},"line":5},"1":{"name":"(anonymous_1)","decl":{"start":{"line":7,"column":22},"end":{"line":7,"column":23}},"loc":{"start":{"line":7,"column":27},"end":{"line":9,"column":5}},"line":7}},"branchMap":{},"s":{"0":0,"1":0,"2":0,"3":0},"f":{"0":0,"1":0},"b":{}}
}
